[ 2015-12-25T09:23:21+08:00 ]NOTICE: Undefined variable: dataCate/Applications/MAMP/htdocs/houdun/Hdphp/class-12-24/1.blog/Storage/view/compile/a547f450e1e99272e83d8687bf1c3a96.php (31).
[ 2015-12-25T09:23:21+08:00 ]NOTICE: Invalid argument supplied for foreach()/Applications/MAMP/htdocs/houdun/Hdphp/class-12-24/1.blog/Storage/view/compile/a547f450e1e99272e83d8687bf1c3a96.php (31).
[ 2015-12-25T09:24:15+08:00 ]NOTICE: Undefined variable: parent/Applications/MAMP/htdocs/houdun/Hdphp/class-12-24/1.blog/Storage/view/compile/a547f450e1e99272e83d8687bf1c3a96.php (32).
[ 2015-12-25T09:24:15+08:00 ]NOTICE: Undefined variable: parent/Applications/MAMP/htdocs/houdun/Hdphp/class-12-24/1.blog/Storage/view/compile/a547f450e1e99272e83d8687bf1c3a96.php (32).
[ 2015-12-25T09:24:15+08:00 ]NOTICE: Undefined variable: parent/Applications/MAMP/htdocs/houdun/Hdphp/class-12-24/1.blog/Storage/view/compile/a547f450e1e99272e83d8687bf1c3a96.php (32).
[ 2015-12-25T09:24:15+08:00 ]NOTICE: Undefined variable: parent/Applications/MAMP/htdocs/houdun/Hdphp/class-12-24/1.blog/Storage/view/compile/a547f450e1e99272e83d8687bf1c3a96.php (32).
[ 2015-12-25T09:24:15+08:00 ]NOTICE: Undefined variable: parent/Applications/MAMP/htdocs/houdun/Hdphp/class-12-24/1.blog/Storage/view/compile/a547f450e1e99272e83d8687bf1c3a96.php (32).
[ 2015-12-25T09:24:15+08:00 ]NOTICE: Undefined variable: parent/Applications/MAMP/htdocs/houdun/Hdphp/class-12-24/1.blog/Storage/view/compile/a547f450e1e99272e83d8687bf1c3a96.php (32).
[ 2015-12-25T09:24:15+08:00 ]NOTICE: Undefined variable: parent/Applications/MAMP/htdocs/houdun/Hdphp/class-12-24/1.blog/Storage/view/compile/a547f450e1e99272e83d8687bf1c3a96.php (32).
[ 2015-12-25T09:24:15+08:00 ]NOTICE: Undefined variable: parent/Applications/MAMP/htdocs/houdun/Hdphp/class-12-24/1.blog/Storage/view/compile/a547f450e1e99272e83d8687bf1c3a96.php (32).
[ 2015-12-25T09:24:15+08:00 ]NOTICE: Undefined variable: parent/Applications/MAMP/htdocs/houdun/Hdphp/class-12-24/1.blog/Storage/view/compile/a547f450e1e99272e83d8687bf1c3a96.php (32).
[ 2015-12-25T09:24:15+08:00 ]NOTICE: Undefined variable: parent/Applications/MAMP/htdocs/houdun/Hdphp/class-12-24/1.blog/Storage/view/compile/a547f450e1e99272e83d8687bf1c3a96.php (32).
[ 2015-12-25T09:24:15+08:00 ]NOTICE: Undefined variable: parent/Applications/MAMP/htdocs/houdun/Hdphp/class-12-24/1.blog/Storage/view/compile/a547f450e1e99272e83d8687bf1c3a96.php (32).
[ 2015-12-25T09:24:15+08:00 ]NOTICE: Undefined variable: parent/Applications/MAMP/htdocs/houdun/Hdphp/class-12-24/1.blog/Storage/view/compile/a547f450e1e99272e83d8687bf1c3a96.php (32).
[ 2015-12-25T09:24:15+08:00 ]NOTICE: Undefined variable: parent/Applications/MAMP/htdocs/houdun/Hdphp/class-12-24/1.blog/Storage/view/compile/a547f450e1e99272e83d8687bf1c3a96.php (32).
[ 2015-12-25T09:24:15+08:00 ]NOTICE: Undefined variable: parent/Applications/MAMP/htdocs/houdun/Hdphp/class-12-24/1.blog/Storage/view/compile/a547f450e1e99272e83d8687bf1c3a96.php (32).
[ 2015-12-25T09:24:15+08:00 ]NOTICE: Undefined variable: parent/Applications/MAMP/htdocs/houdun/Hdphp/class-12-24/1.blog/Storage/view/compile/a547f450e1e99272e83d8687bf1c3a96.php (32).
[ 2015-12-25T09:24:15+08:00 ]NOTICE: Undefined variable: parent/Applications/MAMP/htdocs/houdun/Hdphp/class-12-24/1.blog/Storage/view/compile/a547f450e1e99272e83d8687bf1c3a96.php (32).
[ 2015-12-25T09:24:15+08:00 ]NOTICE: Undefined variable: parent/Applications/MAMP/htdocs/houdun/Hdphp/class-12-24/1.blog/Storage/view/compile/a547f450e1e99272e83d8687bf1c3a96.php (32).
[ 2015-12-25T09:24:15+08:00 ]NOTICE: Undefined variable: parent/Applications/MAMP/htdocs/houdun/Hdphp/class-12-24/1.blog/Storage/view/compile/a547f450e1e99272e83d8687bf1c3a96.php (32).
[ 2015-12-25T10:06:29+08:00 ]NOTICE: Undefined index: value/Applications/MAMP/htdocs/houdun/Hdphp/class-12-24/1.blog/Hdphp/View/HdphpTag.php (154).
[ 2015-12-25T10:06:47+08:00 ]NOTICE: Undefined index: value/Applications/MAMP/htdocs/houdun/Hdphp/class-12-24/1.blog/Hdphp/View/HdphpTag.php (154).
[ 2015-12-25T10:06:53+08:00 ]NOTICE: Undefined index: value/Applications/MAMP/htdocs/houdun/Hdphp/class-12-24/1.blog/Hdphp/View/HdphpTag.php (154).
[ 2015-12-25T10:06:54+08:00 ]NOTICE: Undefined index: value/Applications/MAMP/htdocs/houdun/Hdphp/class-12-24/1.blog/Hdphp/View/HdphpTag.php (154).
[ 2015-12-25T10:06:55+08:00 ]NOTICE: Undefined index: value/Applications/MAMP/htdocs/houdun/Hdphp/class-12-24/1.blog/Hdphp/View/HdphpTag.php (154).
[ 2015-12-25T10:06:57+08:00 ]NOTICE: Undefined index: value/Applications/MAMP/htdocs/houdun/Hdphp/class-12-24/1.blog/Hdphp/View/HdphpTag.php (154).
[ 2015-12-25T10:16:54+08:00 ]NOTICE: Use of undefined constant _Get - assumed '_Get'/Applications/MAMP/htdocs/houdun/Hdphp/class-12-24/1.blog/Storage/view/compile/a547f450e1e99272e83d8687bf1c3a96.php (40).
[ 2015-12-25T10:16:54+08:00 ]NOTICE: Use of undefined constant cid - assumed 'cid'/Applications/MAMP/htdocs/houdun/Hdphp/class-12-24/1.blog/Storage/view/compile/a547f450e1e99272e83d8687bf1c3a96.php (40).
