[ 2015-12-29T00:24:12+08:00 ]NOTICE: Object of class Common\Model\Arc could not be converted to int/Applications/MAMP/htdocs/houdun/Hdphp/class-12-28/1.blog/Hdphp/Page/Page.php (105).
[ 2015-12-29T00:24:12+08:00 ]EXCEPTION: SELECT  *  FROM article INNER JOIN category ON category_cid = cid  INNER JOIN category ON category_cid = cid WHERE is_recycle=0 LIMIT 0,2 ;BindParams:array (
)42000;1066;Not unique table/alias: 'category'
[ 2015-12-29T00:28:38+08:00 ]NOTICE: Undefined index: thumb/Applications/MAMP/htdocs/houdun/Hdphp/class-12-28/1.blog/App/Common/Model/Arc.php (33).
[ 2015-12-29T00:29:45+08:00 ]NOTICE: Undefined index: thumb/Applications/MAMP/htdocs/houdun/Hdphp/class-12-28/1.blog/App/Common/Model/Arc.php (33).
[ 2015-12-29T00:41:51+08:00 ]NOTICE: Undefined index: thumb/Applications/MAMP/htdocs/houdun/Hdphp/class-12-28/1.blog/App/Common/Model/Arc.php (33).
[ 2015-12-29T00:42:27+08:00 ]NOTICE: Undefined index: thumb/Applications/MAMP/htdocs/houdun/Hdphp/class-12-28/1.blog/App/Common/Model/Arc.php (33).
[ 2015-12-29T00:44:18+08:00 ]NOTICE: Undefined index: thumb/Applications/MAMP/htdocs/houdun/Hdphp/class-12-28/1.blog/App/Common/Model/Arc.php (33).
[ 2015-12-29T00:47:18+08:00 ]NOTICE: Undefined index: thumb/Applications/MAMP/htdocs/houdun/Hdphp/class-12-28/1.blog/App/Common/Model/Arc.php (34).
[ 2015-12-29T20:50:47+08:00 ]EXCEPTION: Method Admin\Controller\ArcController::edit() does not exist
[ 2015-12-29T21:15:21+08:00 ]EXCEPTION: SELECT  *  FROM article INNER JOIN article_aid ON aid = article_aid WHERE aid=1 LIMIT 1 ;BindParams:array (
)42S02;1146;Table 'blog_edu.article_aid' doesn't exist
[ 2015-12-29T21:29:17+08:00 ]NOTICE: Undefined index: value/Applications/MAMP/htdocs/houdun/Hdphp/class-12-29/1.blog/Hdphp/View/HdphpTag.php (154).
[ 2015-12-29T21:31:56+08:00 ]NOTICE: Undefined index: value/Applications/MAMP/htdocs/houdun/Hdphp/class-12-29/1.blog/Hdphp/View/HdphpTag.php (154).
[ 2015-12-29T22:36:17+08:00 ]NOTICE: file_exists() expects parameter 1 to be a valid path, array given/Applications/MAMP/htdocs/houdun/Hdphp/class-12-29/1.blog/App/Admin/Controller/ArcController.php (88).
[ 2015-12-29T22:38:07+08:00 ]NOTICE: file_exists() expects parameter 1 to be a valid path, array given/Applications/MAMP/htdocs/houdun/Hdphp/class-12-29/1.blog/App/Admin/Controller/ArcController.php (88).
[ 2015-12-29T22:47:06+08:00 ]EXCEPTION: Admin\Controller\WebsetController 不存在
[ 2015-12-29T22:54:03+08:00 ]NOTICE: Undefined property: Admin\Controller\WebsetController::$model/Applications/MAMP/htdocs/houdun/Hdphp/class-12-29/1.blog/App/Admin/Controller/WebsetController.php (13).
[ 2015-12-29T22:55:04+08:00 ]NOTICE: Undefined property: Admin\Controller\WebsetController::$model/Applications/MAMP/htdocs/houdun/Hdphp/class-12-29/1.blog/App/Admin/Controller/WebsetController.php (13).
[ 2015-12-29T22:55:27+08:00 ]NOTICE: Undefined property: Admin\Controller\WebsetController::$model/Applications/MAMP/htdocs/houdun/Hdphp/class-12-29/1.blog/App/Admin/Controller/WebsetController.php (13).
[ 2015-12-29T23:13:32+08:00 ]NOTICE: Undefined variable: model/Applications/MAMP/htdocs/houdun/Hdphp/class-12-29/1.blog/App/Admin/Controller/WebsetController.php (23).
[ 2015-12-29T23:53:09+08:00 ]NOTICE: Division by zero/Applications/MAMP/htdocs/houdun/Hdphp/class-12-29/1.blog/Hdphp/Code/Code.php (154).
[ 2015-12-29T23:53:09+08:00 ]NOTICE: Undefined variable: fontColor/Applications/MAMP/htdocs/houdun/Hdphp/class-12-29/1.blog/Hdphp/Code/Code.php (161).
[ 2015-12-29T23:53:09+08:00 ]NOTICE: Cannot modify header information - headers already sent by (output started at /Applications/MAMP/htdocs/houdun/Hdphp/class-12-29/1.blog/Hdphp/Error/View/notice.php:2)/Applications/MAMP/htdocs/houdun/Hdphp/class-12-29/1.blog/Hdphp/Code/Code.php (37).
[ 2015-12-29T23:56:06+08:00 ]NOTICE: Division by zero/Applications/MAMP/htdocs/houdun/Hdphp/class-12-29/1.blog/Hdphp/Code/Code.php (154).
[ 2015-12-29T23:56:06+08:00 ]NOTICE: Undefined variable: fontColor/Applications/MAMP/htdocs/houdun/Hdphp/class-12-29/1.blog/Hdphp/Code/Code.php (161).
[ 2015-12-29T23:56:06+08:00 ]NOTICE: Cannot modify header information - headers already sent by (output started at /Applications/MAMP/htdocs/houdun/Hdphp/class-12-29/1.blog/Hdphp/Error/View/notice.php:2)/Applications/MAMP/htdocs/houdun/Hdphp/class-12-29/1.blog/Hdphp/Code/Code.php (37).
[ 2015-12-29T23:56:48+08:00 ]NOTICE: Division by zero/Applications/MAMP/htdocs/houdun/Hdphp/class-12-29/1.blog/Hdphp/Code/Code.php (154).
[ 2015-12-29T23:56:48+08:00 ]NOTICE: Undefined variable: fontColor/Applications/MAMP/htdocs/houdun/Hdphp/class-12-29/1.blog/Hdphp/Code/Code.php (161).
[ 2015-12-29T23:56:48+08:00 ]NOTICE: Cannot modify header information - headers already sent by (output started at /Applications/MAMP/htdocs/houdun/Hdphp/class-12-29/1.blog/Hdphp/Error/View/notice.php:2)/Applications/MAMP/htdocs/houdun/Hdphp/class-12-29/1.blog/Hdphp/Code/Code.php (37).
[ 2015-12-29T23:57:29+08:00 ]NOTICE: Division by zero/Applications/MAMP/htdocs/houdun/Hdphp/class-12-29/1.blog/Hdphp/Code/Code.php (154).
[ 2015-12-29T23:57:29+08:00 ]NOTICE: Undefined variable: fontColor/Applications/MAMP/htdocs/houdun/Hdphp/class-12-29/1.blog/Hdphp/Code/Code.php (161).
[ 2015-12-29T23:57:29+08:00 ]NOTICE: Cannot modify header information - headers already sent by (output started at /Applications/MAMP/htdocs/houdun/Hdphp/class-12-29/1.blog/Hdphp/Error/View/notice.php:2)/Applications/MAMP/htdocs/houdun/Hdphp/class-12-29/1.blog/Hdphp/Code/Code.php (37).
