[ 2016-01-03T11:39:46+08:00 ]NOTICE: Undefined variable: cateModel/Applications/MAMP/htdocs/houdun/Hdphp/class-12-31/1.blog/App/Home/Controller/IndexController.php (26).
[ 2016-01-03T11:39:48+08:00 ]NOTICE: Undefined variable: cateModel/Applications/MAMP/htdocs/houdun/Hdphp/class-12-31/1.blog/App/Home/Controller/IndexController.php (26).
[ 2016-01-03T11:55:57+08:00 ]NOTICE: Undefined variable: tagData/Applications/MAMP/htdocs/houdun/Hdphp/class-12-31/1.blog/Storage/view/compile/0c28e7150ba5d668f4a1564650d3d0d8.php (189).
[ 2016-01-03T11:55:57+08:00 ]NOTICE: Invalid argument supplied for foreach()/Applications/MAMP/htdocs/houdun/Hdphp/class-12-31/1.blog/Storage/view/compile/0c28e7150ba5d668f4a1564650d3d0d8.php (189).
[ 2016-01-03T11:55:58+08:00 ]NOTICE: Undefined variable: tagData/Applications/MAMP/htdocs/houdun/Hdphp/class-12-31/1.blog/Storage/view/compile/0c28e7150ba5d668f4a1564650d3d0d8.php (189).
[ 2016-01-03T11:55:58+08:00 ]NOTICE: Invalid argument supplied for foreach()/Applications/MAMP/htdocs/houdun/Hdphp/class-12-31/1.blog/Storage/view/compile/0c28e7150ba5d668f4a1564650d3d0d8.php (189).
[ 2016-01-03T15:17:36+08:00 ]NOTICE: Undefined variable: tagData/Applications/MAMP/htdocs/houdun/Hdphp/class-12-31/1.blog/Storage/view/compile/3c847d088b41aded54cd911a7d133db6.php (21).
[ 2016-01-03T15:17:36+08:00 ]NOTICE: Invalid argument supplied for foreach()/Applications/MAMP/htdocs/houdun/Hdphp/class-12-31/1.blog/Storage/view/compile/3c847d088b41aded54cd911a7d133db6.php (21).
[ 2016-01-03T15:20:48+08:00 ]NOTICE: Undefined variable: tagData/Applications/MAMP/htdocs/houdun/Hdphp/class-12-31/1.blog/Storage/view/compile/3c847d088b41aded54cd911a7d133db6.php (34).
[ 2016-01-03T15:20:48+08:00 ]NOTICE: Invalid argument supplied for foreach()/Applications/MAMP/htdocs/houdun/Hdphp/class-12-31/1.blog/Storage/view/compile/3c847d088b41aded54cd911a7d133db6.php (34).
[ 2016-01-03T15:21:59+08:00 ]NOTICE: Undefined variable: tagData/Applications/MAMP/htdocs/houdun/Hdphp/class-12-31/1.blog/Storage/view/compile/3c847d088b41aded54cd911a7d133db6.php (36).
[ 2016-01-03T15:21:59+08:00 ]NOTICE: Invalid argument supplied for foreach()/Applications/MAMP/htdocs/houdun/Hdphp/class-12-31/1.blog/Storage/view/compile/3c847d088b41aded54cd911a7d133db6.php (36).
[ 2016-01-03T15:21:59+08:00 ]NOTICE: Undefined index: tag/Applications/MAMP/htdocs/houdun/Hdphp/class-12-31/1.blog/Storage/view/compile/0c28e7150ba5d668f4a1564650d3d0d8.php (120).
[ 2016-01-03T15:21:59+08:00 ]NOTICE: Invalid argument supplied for foreach()/Applications/MAMP/htdocs/houdun/Hdphp/class-12-31/1.blog/Storage/view/compile/0c28e7150ba5d668f4a1564650d3d0d8.php (120).
[ 2016-01-03T15:21:59+08:00 ]NOTICE: Undefined index: tag/Applications/MAMP/htdocs/houdun/Hdphp/class-12-31/1.blog/Storage/view/compile/0c28e7150ba5d668f4a1564650d3d0d8.php (120).
[ 2016-01-03T15:21:59+08:00 ]NOTICE: Invalid argument supplied for foreach()/Applications/MAMP/htdocs/houdun/Hdphp/class-12-31/1.blog/Storage/view/compile/0c28e7150ba5d668f4a1564650d3d0d8.php (120).
[ 2016-01-03T15:21:59+08:00 ]NOTICE: Undefined index: tag/Applications/MAMP/htdocs/houdun/Hdphp/class-12-31/1.blog/Storage/view/compile/0c28e7150ba5d668f4a1564650d3d0d8.php (120).
[ 2016-01-03T15:21:59+08:00 ]NOTICE: Invalid argument supplied for foreach()/Applications/MAMP/htdocs/houdun/Hdphp/class-12-31/1.blog/Storage/view/compile/0c28e7150ba5d668f4a1564650d3d0d8.php (120).
[ 2016-01-03T15:21:59+08:00 ]NOTICE: Undefined index: tag/Applications/MAMP/htdocs/houdun/Hdphp/class-12-31/1.blog/Storage/view/compile/0c28e7150ba5d668f4a1564650d3d0d8.php (120).
[ 2016-01-03T15:21:59+08:00 ]NOTICE: Invalid argument supplied for foreach()/Applications/MAMP/htdocs/houdun/Hdphp/class-12-31/1.blog/Storage/view/compile/0c28e7150ba5d668f4a1564650d3d0d8.php (120).
[ 2016-01-03T15:22:33+08:00 ]NOTICE: Undefined variable: tagData/Applications/MAMP/htdocs/houdun/Hdphp/class-12-31/1.blog/Storage/view/compile/3c847d088b41aded54cd911a7d133db6.php (36).
[ 2016-01-03T15:22:33+08:00 ]NOTICE: Invalid argument supplied for foreach()/Applications/MAMP/htdocs/houdun/Hdphp/class-12-31/1.blog/Storage/view/compile/3c847d088b41aded54cd911a7d133db6.php (36).
[ 2016-01-03T15:22:33+08:00 ]NOTICE: Undefined index: tag/Applications/MAMP/htdocs/houdun/Hdphp/class-12-31/1.blog/Storage/view/compile/0c28e7150ba5d668f4a1564650d3d0d8.php (120).
[ 2016-01-03T15:22:33+08:00 ]NOTICE: Invalid argument supplied for foreach()/Applications/MAMP/htdocs/houdun/Hdphp/class-12-31/1.blog/Storage/view/compile/0c28e7150ba5d668f4a1564650d3d0d8.php (120).
[ 2016-01-03T15:22:33+08:00 ]NOTICE: Undefined index: tag/Applications/MAMP/htdocs/houdun/Hdphp/class-12-31/1.blog/Storage/view/compile/0c28e7150ba5d668f4a1564650d3d0d8.php (120).
[ 2016-01-03T15:22:33+08:00 ]NOTICE: Invalid argument supplied for foreach()/Applications/MAMP/htdocs/houdun/Hdphp/class-12-31/1.blog/Storage/view/compile/0c28e7150ba5d668f4a1564650d3d0d8.php (120).
[ 2016-01-03T15:22:33+08:00 ]NOTICE: Undefined index: tag/Applications/MAMP/htdocs/houdun/Hdphp/class-12-31/1.blog/Storage/view/compile/0c28e7150ba5d668f4a1564650d3d0d8.php (120).
[ 2016-01-03T15:22:33+08:00 ]NOTICE: Invalid argument supplied for foreach()/Applications/MAMP/htdocs/houdun/Hdphp/class-12-31/1.blog/Storage/view/compile/0c28e7150ba5d668f4a1564650d3d0d8.php (120).
[ 2016-01-03T15:22:33+08:00 ]NOTICE: Undefined index: tag/Applications/MAMP/htdocs/houdun/Hdphp/class-12-31/1.blog/Storage/view/compile/0c28e7150ba5d668f4a1564650d3d0d8.php (120).
[ 2016-01-03T15:22:33+08:00 ]NOTICE: Invalid argument supplied for foreach()/Applications/MAMP/htdocs/houdun/Hdphp/class-12-31/1.blog/Storage/view/compile/0c28e7150ba5d668f4a1564650d3d0d8.php (120).
[ 2016-01-03T15:23:07+08:00 ]NOTICE: Undefined variable: tagData/Applications/MAMP/htdocs/houdun/Hdphp/class-12-31/1.blog/Storage/view/compile/3c847d088b41aded54cd911a7d133db6.php (36).
[ 2016-01-03T15:23:07+08:00 ]NOTICE: Invalid argument supplied for foreach()/Applications/MAMP/htdocs/houdun/Hdphp/class-12-31/1.blog/Storage/view/compile/3c847d088b41aded54cd911a7d133db6.php (36).
[ 2016-01-03T16:26:08+08:00 ]NOTICE: Undefined index: title/Applications/MAMP/htdocs/houdun/Hdphp/class-12-31/1.blog/Storage/view/compile/2285f5ecd290c2ae060f2c24a56dc0d2.php (69).
[ 2016-01-03T16:26:08+08:00 ]NOTICE: Undefined index: author/Applications/MAMP/htdocs/houdun/Hdphp/class-12-31/1.blog/Storage/view/compile/2285f5ecd290c2ae060f2c24a56dc0d2.php (72).
[ 2016-01-03T16:26:08+08:00 ]NOTICE: Undefined index: click/Applications/MAMP/htdocs/houdun/Hdphp/class-12-31/1.blog/Storage/view/compile/2285f5ecd290c2ae060f2c24a56dc0d2.php (78).
[ 2016-01-03T16:26:08+08:00 ]NOTICE: Undefined index: content/Applications/MAMP/htdocs/houdun/Hdphp/class-12-31/1.blog/Storage/view/compile/2285f5ecd290c2ae060f2c24a56dc0d2.php (81).
[ 2016-01-03T16:26:08+08:00 ]NOTICE: Undefined index: aid/Applications/MAMP/htdocs/houdun/Hdphp/class-12-31/1.blog/Storage/view/compile/2285f5ecd290c2ae060f2c24a56dc0d2.php (91).
[ 2016-01-03T16:26:08+08:00 ]NOTICE: Undefined index: title/Applications/MAMP/htdocs/houdun/Hdphp/class-12-31/1.blog/Storage/view/compile/2285f5ecd290c2ae060f2c24a56dc0d2.php (91).
[ 2016-01-03T16:26:08+08:00 ]NOTICE: Undefined index: aid/Applications/MAMP/htdocs/houdun/Hdphp/class-12-31/1.blog/Storage/view/compile/2285f5ecd290c2ae060f2c24a56dc0d2.php (91).
[ 2016-01-03T16:26:36+08:00 ]NOTICE: Undefined index: title/Applications/MAMP/htdocs/houdun/Hdphp/class-12-31/1.blog/Storage/view/compile/2285f5ecd290c2ae060f2c24a56dc0d2.php (69).
[ 2016-01-03T16:26:36+08:00 ]NOTICE: Undefined index: author/Applications/MAMP/htdocs/houdun/Hdphp/class-12-31/1.blog/Storage/view/compile/2285f5ecd290c2ae060f2c24a56dc0d2.php (72).
[ 2016-01-03T16:26:36+08:00 ]NOTICE: Undefined index: click/Applications/MAMP/htdocs/houdun/Hdphp/class-12-31/1.blog/Storage/view/compile/2285f5ecd290c2ae060f2c24a56dc0d2.php (78).
[ 2016-01-03T16:26:36+08:00 ]NOTICE: Undefined index: content/Applications/MAMP/htdocs/houdun/Hdphp/class-12-31/1.blog/Storage/view/compile/2285f5ecd290c2ae060f2c24a56dc0d2.php (81).
[ 2016-01-03T16:26:36+08:00 ]NOTICE: Undefined index: aid/Applications/MAMP/htdocs/houdun/Hdphp/class-12-31/1.blog/Storage/view/compile/2285f5ecd290c2ae060f2c24a56dc0d2.php (91).
[ 2016-01-03T16:26:36+08:00 ]NOTICE: Undefined index: title/Applications/MAMP/htdocs/houdun/Hdphp/class-12-31/1.blog/Storage/view/compile/2285f5ecd290c2ae060f2c24a56dc0d2.php (91).
[ 2016-01-03T16:26:36+08:00 ]NOTICE: Undefined index: aid/Applications/MAMP/htdocs/houdun/Hdphp/class-12-31/1.blog/Storage/view/compile/2285f5ecd290c2ae060f2c24a56dc0d2.php (91).
